1562568430667	mozrunner::runner	INFO	Running command: "C:\\Program Files\\Mozilla Firefox\\firefox.exe" "-marionette" "-foreground" "-no-remote" "-profile" "C:\\Users\\Alexey\\AppData\\Local\\Temp\\rust_mozprofile.8R6ygv8N8JXF"
1562568430979	addons.webextension.screenshots@mozilla.org	WARN	Loading extension 'screenshots@mozilla.org': Reading manifest: Invalid extension permission: mozillaAddons
1562568430979	addons.webextension.screenshots@mozilla.org	WARN	Loading extension 'screenshots@mozilla.org': Reading manifest: Invalid extension permission: resource://pdf.js/
1562568430980	addons.webextension.screenshots@mozilla.org	WARN	Loading extension 'screenshots@mozilla.org': Reading manifest: Invalid extension permission: about:reader*
1562568432123	Marionette	INFO	Listening on port 50708
1562568432278	Marionette	WARN	TLS certificate errors will be ignored for this session
[Parent 6052, Gecko_IOThread] WARNING: pipe error: 109: file z:/task_1560988636/build/src/ipc/chromium/src/chrome/common/ipc_channel_win.cc, line 341
[Parent 6052, Gecko_IOThread] WARNING: pipe error: 109: file z:/task_1560988636/build/src/ipc/chromium/src/chrome/common/ipc_channel_win.cc, line 341
[Child 13388, Chrome_ChildThread] WARNING: pipe error: 109: file z:/task_1560988636/build/src/ipc/chromium/src/chrome/common/ipc_channel_win.cc, line 341
[Child 13388, Chrome_ChildThread] [Parent 6052, Gecko_IOThread] WARNING: pipe error: 109: file z:/task_1560988636/build/src/ipc/chromium/src/chrome/common/ipc_channel_win.cc, line 341
[Child 10840, Chrome_ChildThread] WARNING: pipe error: 109: file z:/task_1560988636/build/src/ipc/chromium/src/chrome/common/ipc_channel_win.cc, line 341
[Child 10840, Chrome1562568458006	Marionette	INFO	Stopped listening on port 50708

###!!! [Child][RunMessage] Error: Channel closing: too late to send/recv, messages will be lost

[GPU 5980, 
###!!! [Child][MessageChannel::SendAndWait] Error: Channel error: cannot send/recv

1562568535274	mozrunner::runner	INFO	Running command: "C:\\Program Files\\Mozilla Firefox\\firefox.exe" "-marionette" "-foreground" "-no-remote" "-profile" "C:\\Users\\Alexey\\AppData\\Local\\Temp\\rust_mozprofile.xCYBxOcJePYZ"
1562568535599	addons.webextension.screenshots@mozilla.org	WARN	Loading extension 'screenshots@mozilla.org': Reading manifest: Invalid extension permission: mozillaAddons
1562568535600	addons.webextension.screenshots@mozilla.org	WARN	Loading extension 'screenshots@mozilla.org': Reading manifest: Invalid extension permission: resource://pdf.js/
1562568535600	addons.webextension.screenshots@mozilla.org	WARN	Loading extension 'screenshots@mozilla.org': Reading manifest: Invalid extension permission: about:reader*
1562568536989	Marionette	INFO	Listening on port 50784
1562568537384	Marionette	WARN	TLS certificate errors will be ignored for this session
[Parent 408, Gecko_IOThread] WARNING: pipe error: 109: file z:/task_1560988636/build/src/ipc/chromium/src/chrome/common/ipc_channel_win.cc, line 341
[Child 2844, Chrome_ChildThread] WARNING: pipe error: 109: file z:/task_1560988636/build/src/ipc/chromium/src/chrome/common/ipc_channel_win.cc, line 341
[Child 2844, Chrome_ChildThread] WA[Parent 408, Gecko_IOThread] WARNING: pipe error: 109: file z:/task_1560988636/build/src/ipc/chromium/src/chrome/common/ipc_channel_win.cc, line 341
[Child 9312, Chrome_ChildThread] WARNING: pipe error: 109: file z:/task_1560988636/build/src/ipc/chromium/src/chrome/common/ipc_channel_win.cc, line 341
[Child 9312, Chrome_C1562568920567	Marionette	INFO	Stopped listening on port 50784

###!!! [Child][RunMessage] Error: Channel closing: too late to send/recv, messages will be lost

[GPU 15268, Chr
###!!! [Child][MessageChannel::SendAndWait] Error: Channel error: cannot send/recv

read front: 'detach' request packet to 'server1.conn0.child1/context19' can't be sent as the connection is closed."
[Parent 6932, Gecko_IOThread] WARNING: pipe error: 109: file z:/task_1560988636/build/src/ipc/chromium/src/chrome/common/ipc_channel_win.cc, line 341
IPDL protocol error: Handler returned error code!

###!!! [Parent][DispatchAsyncMessage] Error: PLayerTransaction::Msg_ReleaseLayer Processing error: message was deserialized, but the handler returned false (indicating failure)

IPDL protocol error: Handler returned error code!

###!!! [Parent][DispatchAsyncMessage] Error: PLayerTransaction::Msg_ReleaseLayer Processing error: message was deserialized, but the handler returned false (indicating failure)

IPDL protocol error: Handler returned error code!

###!!! [Parent][DispatchAsyncMessage] Error: PLayerTransaction::Msg_ReleaseLayer Processing error: message was deserialized, but the handler returned false (indicating failure)

IPDL protocol error: Handler returned error code!

###!!! [Parent][DispatchAsyncMessage] Error: PLayerTransaction::Msg_ReleaseLayer Processing error: message was deserialized, but the handler returned false (indicating failure)

IPDL protocol error: Handler returned error code!

###!!! [Parent][DispatchAsyncMessage] Error: PLayerTransaction::Msg_ReleaseLayer Processing error: message was deserialized, but the handler returned false (indicating failure)

IPDL protocol error: Handler returned error code!

###!!! [Parent][DispatchAsyncMessage] Error: PLayerTransaction::Msg_ReleaseLayer Processing error: message was deserialized, but the handler returned false (indicating failure)

[Parent 6932, Gecko_IOThread] WARNING: pipe error: 109: file z:/task_1560988636/build/src/ipc/chromium/src/chrome/common/ipc_channel_win.cc, line 341
[Child 12180, Chrome_ChildThread] WARNING: pipe error: 109: file z:/task_1560988636/build/src/ipc/chromium/src/chrome/common/ipc_channel_win.cc, line 341
[Child 12180, Chrome_ChildThrea[Parent 6932, Gecko_IOThread] WARNING: pipe error: 109: file z:/task_1560988636/build/src/ipc/chromium/src/chrome/common/ipc_channel_win.cc, line 341
[Child 1228, Chrome_ChildThread] WARNING: pipe error: 109: file z:/task_1560988636/build/src/ipc/chromium/src/chrome/common/ipc_channel_win.cc, line 341
[Child 1228, Chrome_Ch1562568919528	Marionette	INFO	Stopped listening on port 50835

###!!! [Child][RunMessage] Error: Channel closing: too late to send/recv, messages will be lost

[GPU 9100, Chrome_C
###!!! [Child][MessageChannel::SendAndWait] Error: Channel error: cannot send/recv

!! [Child][RunMessage] Error: Channel closing: too late to send/recv, messages will be lost

[GPU 8948, Chrome_
###!!! [Child][MessageChannel::SendAndWait] Error: Channel error: cannot send/recv

1562569418926	mozrunner::runner	INFO	Running command: "C:\\Program Files\\Mozilla Firefox\\firefox.exe" "-marionette" "-foreground" "-no-remote" "-profile" "C:\\Users\\Alexey\\AppData\\Local\\Temp\\rust_mozprofile.zawNg3vX973y"
1562569419534	addons.webextension.screenshots@mozilla.org	WARN	Loading extension 'screenshots@mozilla.org': Reading manifest: Invalid extension permission: mozillaAddons
1562569419535	addons.webextension.screenshots@mozilla.org	WARN	Loading extension 'screenshots@mozilla.org': Reading manifest: Invalid extension permission: resource://pdf.js/
1562569419535	addons.webextension.screenshots@mozilla.org	WARN	Loading extension 'screenshots@mozilla.org': Reading manifest: Invalid extension permission: about:reader*
1562569420799	Marionette	INFO	Listening on port 51070
1562569421037	Marionette	WARN	TLS certificate errors will be ignored for this session
[Child 13496, MediaPlayback #3] WARNING: Decoder=21b08b68000 Decode error: NS_ERROR_DOM_MEDIA_FATAL_ERR (0x806e0005) - RefPtr<MediaSourceTrackDemuxer::SamplesPromise> __cdecl mozilla::MediaSourceTrackDemuxer::DoGetSamples(int32_t): manager is detached.: file z:/task_1560988636/build/src/dom/media/MediaDecoderStateMachine.cpp, line 3296
[Child 13496, MediaPlayback #1] WARNING: Decoder=21b08b68000 Decode error: NS_ERROR_DOM_MEDIA_FATAL_ERR (0x806e0005) - RefPtr<MediaSourceTrackDemuxer::SamplesPromise> __cdecl mozilla::MediaSourceTrackDemuxer::DoGetSamples(int32_t): manager is detached.: file z:/task_1560988636/build/src/dom/media/MediaDecoderStateMachine.cpp, line 3296
[Parent 8188, Gecko_IOThread] WARNING: pipe error: 109: file z:/task_1560988636/build/src/ipc/chromium/src/chrome/common/ipc_channel_win.cc, line 341
[Child 13496, MediaPlayback #2] WARNING: Decoder=21b7dde8800 Decode error: NS_ERROR_DOM_MEDIA_FATAL_ERR (0x806e0005) - RefPtr<MediaSourceTrackDemuxer::SamplesPromise> __cdecl mozilla::MediaSourceTrackDemuxer::DoGetSamples(int32_t): manager is detached.: file z:/task_1560988636/build/src/dom/media/MediaDecoderStateMachine.cpp, line 3296
[Child 13496, MediaPlayback #2] WARNING: Decoder=21b7dde8800 Decode error: NS_ERROR_DOM_MEDIA_FATAL_ERR (0x806e0005) - RefPtr<MediaSourceTrackDemuxer::SamplesPromise> __cdecl mozilla::MediaSourceTrackDemuxer::DoGetSamples(int32_t): manager is detached.: file z:/task_1560988636/build/src/dom/media/MediaDecoderStateMachine.cpp, line 3296
[Child 13496, MediaPlayback #1] WARNING: Decoder=21b7dde8800 Decode error: NS_ERROR_DOM_MEDIA_FATAL_ERR (0x806e0005) - RefPtr<MediaSourceTrackDemuxer::SamplesPromise> __cdecl mozilla::MediaSourceTrackDemuxer::DoGetSamples(int32_t): manager is detached.: file z:/task_1560988636/build/src/dom/media/MediaDecoderStateMachine.cpp, line 3296
[Child 13496, MediaPlayback #1] WARNING: Decoder=21b7dde8800 Decode error: NS_ERROR_DOM_MEDIA_FATAL_ERR (0x806e0005) - RefPtr<MediaSourceTrackDemuxer::SamplesPromise> __cdecl mozilla::MediaSourceTrackDemuxer::DoGetSamples(int32_t): manager is detached.: file z:/task_1560988636/build/src/dom/media/MediaDecoderStateMachine.cpp, line 3296
[Child 13496, MediaPlayback #1] WARNING: Decoder=21b7dde8800 Decode error: NS_ERROR_DOM_MEDIA_FATAL_ERR (0x806e0005) - RefPtr<MediaSourceTrackDemuxer::SamplesPromise> __cdecl mozilla::MediaSourceTrackDemuxer::DoGetSamples(int32_t): manager is detached.: file z:/task_1560988636/build/src/dom/media/MediaDecoderStateMachine.cpp, line 3296
[Child 13496, MediaPlayback #2] WARNING: Decoder=21b7dde8800 Decode error: NS_ERROR_DOM_MEDIA_FATAL_ERR (0x806e0005) - RefPtr<MediaSourceTrackDemuxer::SamplesPromise> __cdecl mozilla::MediaSourceTrackDemuxer::DoGetSamples(int32_t): manager is detached.: file z:/task_1560988636/build/src/dom/media/MediaDecoderStateMachine.cpp, line 3296
[Child 13496, MediaPlayback #2] WARNING: Decoder=21b7dde8800 Decode error: NS_ERROR_DOM_MEDIA_FATAL_ERR (0x806e0005) - RefPtr<MediaSourceTrackDemuxer::SamplesPromise> __cdecl mozilla::MediaSourceTrackDemuxer::DoGetSamples(int32_t): manager is detached.: file z:/task_1560988636/build/src/dom/media/MediaDecoderStateMachine.cpp, line 3296
[Child 13496, MediaPlayback #2] WARNING: Decoder=21b7dde8800 Decode error: NS_ERROR_DOM_MEDIA_FATAL_ERR (0x806e0005) - RefPtr<MediaSourceTrackDemuxer::SamplesPromise> __cdecl mozilla::MediaSourceTrackDemuxer::DoGetSamples(int32_t): manager is detached.: file z:/task_1560988636/build/src/dom/media/MediaDecoderStateMachine.cpp, line 3296
[Child 13496, MediaPlayback #3] WARNING: Decoder=21b7dde8800 Decode error: NS_ERROR_DOM_MEDIA_FATAL_ERR (0x806e0005) - RefPtr<MediaSourceTrackDemuxer::SamplesPromise> __cdecl mozilla::MediaSourceTrackDemuxer::DoGetSamples(int32_t): manager is detached.: file z:/task_1560988636/build/src/dom/media/MediaDecoderStateMachine.cpp, line 3296
[Child 13496, MediaPlayback #2] WARNING: Decoder=21b7dde8800 Decode error: NS_ERROR_DOM_MEDIA_FATAL_ERR (0x806e0005) - RefPtr<MediaSourceTrackDemuxer::SamplesPromise> __cdecl mozilla::MediaSourceTrackDemuxer::DoGetSamples(int32_t): manager is detached.: file z:/task_1560988636/build/src/dom/media/MediaDecoderStateMachine.cpp, line 3296
[Child 13496, MediaPlayback #2] WARNING: Decoder=21b7dde8800 Decode error: NS_ERROR_DOM_MEDIA_FATAL_ERR (0x806e0005) - RefPtr<MediaSourceTrackDemuxer::SamplesPromise> __cdecl mozilla::MediaSourceTrackDemuxer::DoGetSamples(int32_t): manager is detached.: file z:/task_1560988636/build/src/dom/media/MediaDecoderStateMachine.cpp, line 3296
[Child 13496, MediaPlayback #2] WARNING: Decoder=21b7dde8800 Decode error: NS_ERROR_DOM_MEDIA_FATAL_ERR (0x806e0005) - RefPtr<MediaSourceTrackDemuxer::SamplesPromise> __cdecl mozilla::MediaSourceTrackDemuxer::DoGetSamples(int32_t): manager is detached.: file z:/task_1560988636/build/src/dom/media/MediaDecoderStateMachine.cpp, line 3296
[Child 13496, MediaPlayback #3] WARNING: Decoder=21b7dde8800 Decode error: NS_ERROR_DOM_MEDIA_FATAL_ERR (0x806e0005) - RefPtr<MediaSourceTrackDemuxer::SamplesPromise> __cdecl mozilla::MediaSourceTrackDemuxer::DoGetSamples(int32_t): manager is detached.: file z:/task_1560988636/build/src/dom/media/MediaDecoderStateMachine.cpp, line 3296
[Child 13496, MediaPlayback #1] WARNING: Decoder=21b7dde8800 Decode error: NS_ERROR_DOM_MEDIA_FATAL_ERR (0x806e0005) - RefPtr<MediaSourceTrackDemuxer::SamplesPromise> __cdecl mozilla::MediaSourceTrackDemuxer::DoGetSamples(int32_t): manager is detached.: file z:/task_1560988636/build/src/dom/media/MediaDecoderStateMachine.cpp, line 3296
[Parent 8188, Gecko_IOThread] WARNING: pipe error: 109: file z:/task_1560988636/build/src/ipc/chromium/src/chrome/common/ipc_channel_win.cc, line 341
[Child 13496, Chrome_ChildThread] WARNING: pipe error: 109: file z:/task_1560988636/build/src/ipc/chromium/src/chrome/common/ipc_channel_win.cc, line 341
[Child 13496, Chrome_ChildThread] WARNING: pipe error: 109: fconsole.error: BroadcastService: 
  receivedBroadcastMessage: handler for
  remote-settings/monitor_changes
  threw error:
  Message: Error: Polling for changes failed: http://%(server)s/dummy/blocklist//buckets/monitor/collections/changes/records?_expected=%221562371206344%22 is not a valid URL..
  Stack:
    remoteSettingsFunction/remoteSettings.pollChanges@resource://services-settings/remote-settings.js:203:13

[Parent 8188, Gecko_IOThread] WARNING: pipe error: 109: file z:/task_1560988636/build/src/ipc/chromium/src/chrome/common/ipc_channel_win.cc, line 341
[Parent 8188, Gecko_IOThread] WARNING: pipe error: 109: file z:/task_1560988636/build/src/ipc/chromium/src/chrome/common/ipc_channel_win.cc, line 341
[Child 16012, Chrome_ChildThread] WARNING: pipe error: 109: file z:/task_1560988636/build/src/ipc/chromium/src/chrome/common/ipc_channel_win.cc, line 341
[Child 16012, [Parent 8188, Gecko_IOThread] WARNING: pipe error: 109: file z:/task_1560988636/build/src/ipc/chromium/src/chrome/common/ipc_channel_win.cc, line 341
[Child 5096, Chrome_ChildThread] WARNING: pipe error: 109: file z:/task_1560988636/build/src/ipc/chromium/src/chrome/common/ipc_channel_win.cc, line 341
[Child 5096, Chrome_Chi1562572072350	Marionette	INFO	Stopped listening on port 51070

###!!! [Child][MessageChannel::SendAndWait] Error: Channel error: cannot send/recv

tion/remoteSettings.pollChanges@resource://services-settings/remote-settings.js:203:13

[Parent 13556, Gecko_IOThread] WARNING: pipe error: 109: file z:/task_1560988636/build/src/ipc/chromium/src/chrome/common/ipc_channel_win.cc, line 341
[Child 14152, Chrome_ChildThread] WARNING: pipe error: 109: file z:/task_1560988636/build/src/ipc/chromium/src/chrome/common/ipc_channel_win.cc, line 341
[Child 14152, Chrome_Chi[Parent 13556, Gecko_IOThread] WARNING: pipe error: 109: file z:/task_1560988636/build/src/ipc/chromium/src/chrome/common/ipc_channel_win.cc, line 341
[Parent 13556, Gecko_IOThread] WARNING: pipe error: 109: file z:/task_1560988636/build/src/ipc/chromium/src/chrome/common/ipc_channel_win.cc, line 341
[Child 15788, Chrome_ChildThread] WARNING: pipe error: 109: file z:/task_1560988636/build/src/ipc/chromium/src/chrome/common/ipc_channel_win.cc, line 341
[Child 15788, Chrome_Ch1562572068401	Marionette	INFO	Stopped listening on port 51299

###!!! [Child][RunMessage] Error: Channel closing: too late to send/recv, messages will be lost

[GPU 5640, Ch
###!!! [Child][MessageChannel::SendAndWait] Error: Channel error: cannot send/recv

d 1752, Chrome_ChildThread] WARNING: pipe [Parent 4356, Gecko_IOThread] WARNING: pipe error: 109: file z:/task_1560988636/build/src/ipc/chromium/src/chrome/common/ipc_channel_win.cc, line 341
[Child 7824, Chrome_ChildThread] WARNING: pipe error: 109: file z:/task_1560988636/build/src/ipc/chromium/src/chrome/common/ipc_channel_win.cc, line 341
[Child 7824, Chro1562570405725	Marionette	INFO	Stopped listening on port 51360

###!!! [Child][RunMessage] Error: Channel closing: too late to send/recv, messages will be lost

[GPU 5752, Chrome_C
###!!! [Child][MessageChannel::SendAndWait] Error: Channel error: cannot send/recv

1562570584004	mozrunner::runner	INFO	Running command: "C:\\Program Files\\Mozilla Firefox\\firefox.exe" "-marionette" "-foreground" "-no-remote" "-profile" "C:\\Users\\Alexey\\AppData\\Local\\Temp\\rust_mozprofile.DDfsPeRLsaXI"
1562570584321	addons.webextension.screenshots@mozilla.org	WARN	Loading extension 'screenshots@mozilla.org': Reading manifest: Invalid extension permission: mozillaAddons
1562570584322	addons.webextension.screenshots@mozilla.org	WARN	Loading extension 'screenshots@mozilla.org': Reading manifest: Invalid extension permission: resource://pdf.js/
1562570584322	addons.webextension.screenshots@mozilla.org	WARN	Loading extension 'screenshots@mozilla.org': Reading manifest: Invalid extension permission: about:reader*
1562570585449	Marionette	INFO	Listening on port 51425
1562570585619	Marionette	WARN	TLS certificate errors will be ignored for this session
[Parent 15860, Gecko_IOThread] WARNING: pipe error: 109: file z:/task_1560988636/build/src/ipc/chromium/src/chrome/common/ipc_channel_win.cc, line 341
console.error: BroadcastService: 
  receivedBroadcastMessage: handler for
  remote-settings/monitor_changes
  threw error:
  Message: Error: Polling for changes failed: http://%(server)s/dummy/blocklist//buckets/monitor/collections/changes/records?_expected=%221562371206344%22 is not a valid URL..
  Stack:
    remoteSettingsFunction/remoteSettings.pollChanges@resource://services-settings/remote-settings.js:203:13

console.warn: "Error while detaching the thread front: 'detach' request packet to 'server1.conn0.child1/context19' can't be sent as the connection is closed."
[Parent 15860, Gecko_IOThread] WARNING: pipe error: 109: file z:/task_1560988636/build/src/ipc/chromium/src/chrome/common/ipc_channel_win.cc, line 341
IPDL protocol error: Handler returned error code!

###!!! [Parent][DispatchAsyncMessage] Error: PLayerTransaction::Msg_ReleaseLayer Processing error: message was deserialized, but the handler returned false (indicating failure)

IPDL protocol error: Handler returned error code!

###!!! [Parent][DispatchAsyncMessage] Error: PLayerTransaction::Msg_ReleaseLayer Processing error: message was deserialized, but the handler returned false (indicating failure)

IPDL protocol error: Handler returned error code!

###!!! [Parent][DispatchAsyncMessage] Error: PLayerTransaction::Msg_ReleaseLayer Processing error: message was deserialized, but the handler returned false (indicating failure)

IPDL protocol error: Handler returned error code!

###!!! [Parent][DispatchAsyncMessage] Error: PLayerTransaction::Msg_ReleaseLayer Processing error: message was deserialized, but the handler returned false (indicating failure)

IPDL protocol error: Handler returned error code!

###!!! [Parent][DispatchAsyncMessage] Error: PLayerTransaction::Msg_ReleaseLayer Processing error: message was deserialized, but the handler returned false (indicating failure)

IPDL protocol error: Handler returned error code!

###!!! [Parent][DispatchAsyncMessage] Error: PLayerTransaction::Msg_ReleaseLayer Processing error: message was deserialized, but the handler returned false (indicating failure)

IPDL protocol error: Handler returned error code!

###!!! [Parent][DispatchAsyncMessage] Error: PLayerTransaction::Msg_ReleaseLayer Processing error: message was deserialized, but the handler returned false (indicating failure)

[Parent 15860, Gecko_IOThread] WARNING: pipe error: 109: file z:/task_1560988636/build/src/ipc/chromium/src/chrome/common/ipc_channel_win.cc, line 341
[Parent 15860, Gecko_IOThread] WARNING: pipe error: 109: file z:/task_1560988636/build/src/ipc/chromium/src/chrome/common/ipc_channel_win.cc, line 341
[Child 3288, Chrome_ChildThread] WARNING: pipe error: 109: file z:/task_1560988636/build/src/ipc/chromium/src/chrome/common/ipc_channel_win.cc, line 341
[Child 3288, Chrome_ChildThread] WARNING:1562572069510	Marionette	INFO	Stopped listening on port 51425

###!!! [Child][RunMessage] Error: Channel closing: too late to send/recv, messages will be lost

[GPU 8728, Chrome_ChildThread] WARNING: pi
###!!! [Child][MessageChannel::SendAndWait] Error: Channel error: cannot send/recv

'screenshots@mozilla.org': Reading manifest: Invalid extension permission: resource://pdf.js/
1562570913938	addons.webextension.screenshots@mozilla.org	WARN	Loading extension 'screenshots@mozilla.org': Reading manifest: Invalid extension permission: about:reader*
1562570915105	Marionette	INFO	Listening on port 51616
1562570915220	Marionette	WARN	TLS certificate errors will be ignored for this session
[Parent 9008, Gecko_IOThread] WARNING: pipe error: 109: file z:/task_1560988636/build/src/ipc/chromium/src/chrome/common/ipc_channel_win.cc, line 341
[Child 14656, Chrome_ChildThread] WARNING: pipe error: 109: file z:/task_1560988636/build/src/ipc/chromium/src/chrome/common/ipc_channel_win.cc, line 341
[Child 14656, Chrome_ChildThread] WARNING: pipe error: 109: file z:/task_1560988636/build/src/ipc/chromium/src/chrome/common/ipc_channel_win.cc, line 341
[Child 2020, Chrome_ChildThread] WARNING: pipe error: 109: file z:/task_1560988636/build/src/ipc/chromium/src/chrome/common/ipc_channel_win.cc, line 341
[Child 2020, Chrome_C1562570993976	Marionette	INFO	Stopped listening on port 51616

###!!! [Child][RunMessage] Error: Channel closing: too late to send/recv, messages will be lost


###!!! [Child][MessageChannel::SendAndWait] Error: Channel error: cannot send/recv

1562571127602	mozrunner::runner	INFO	Running command: "C:\\Program Files\\Mozilla Firefox\\firefox.exe" "-marionette" "-foreground" "-no-remote" "-profile" "C:\\Users\\Alexey\\AppData\\Local\\Temp\\rust_mozprofile.Ush7zuDDcsU2"
1562571127928	addons.webextension.screenshots@mozilla.org	WARN	Loading extension 'screenshots@mozilla.org': Reading manifest: Invalid extension permission: mozillaAddons
1562571127928	addons.webextension.screenshots@mozilla.org	WARN	Loading extension 'screenshots@mozilla.org': Reading manifest: Invalid extension permission: resource://pdf.js/
1562571127929	addons.webextension.screenshots@mozilla.org	WARN	Loading extension 'screenshots@mozilla.org': Reading manifest: Invalid extension permission: about:reader*
1562571129113	Marionette	INFO	Listening on port 51684
1562571129213	Marionette	WARN	TLS certificate errors will be ignored for this session
[Parent 848, Gecko_IOThread] WARNING: pipe error: 109: file z:/task_1560988636/build/src/ipc/chromium/src/chrome/common/ipc_channel_win.cc, line 341
console.error: BroadcastService: 
  receivedBroadcastMessage: handler for
  remote-settings/monitor_changes
  threw error:
  Message: Error: Polling for changes failed: http://%(server)s/dummy/blocklist//buckets/monitor/collections/changes/records?_expected=%221562371206344%22 is not a valid URL..
  Stack:
    remoteSettingsFunction/remoteSettings.pollChanges@resource://services-settings/remote-settings.js:203:13

IPDL protocol error: Handler returned error code!

###!!! [Parent][DispatchAsyncMessage] Error: PImageBridge::Msg_Update Processing error: message was deserialized, but the handler returned false (indicating failure)

IPDL protocol error: Handler returned error code!

###!!! [Parent][DispatchAsyncMessage] Error: PImageBridge::Msg_Update Processing error: message was deserialized, but the handler returned false (indicating failure)

[Parent 848, Gecko_IOThread] WARNING: pipe error: 109: file z:/task_1560988636/build/src/ipc/chromium/src/chrome/common/ipc_channel_win.cc, line 341
[Child 10052, Chrome_ChildThread] WARNING: pipe error: 109: file z:/task_1560988636/build/src/ipc/chromium/src/chrome/common/ipc_channel_win.cc, line 341
[Child 10052, Chrome_ChildThread] WARNING: pipe error: 109: file z:/task_1560988636/build/src/ipc/chromium/src/chrome/common/ipc_channel_win.cc, line 341
IPDL protocol error: Handler returned error code!

###!!! [Parent][DispatchAsyncMessage] Error: PLayerTransaction::Msg_ReleaseLayer P[Parent 5072, Gecko_IOThread] WARNING: pipe error: 109: file z:/task_1560988636/build/src/ipc/chromium/src/chrome/common/ipc_channel_win.cc, line 341
[Child 7640, Chrome_ChildThread] WARNING: pipe error: 109: file z:/task_1560988636/build/src/ipc/chromium/src/chrome/common/ipc_channel_win.cc, line 341
[Child 9732, Chrome_ChildThread] WARNING: pipe error: 109: file z:/task_1560988636/build/src/ipc/chromium/src/chrome/common/ipc_channel_win.cc, line 341
[Child 9732, Chrome_ChildThread] WARNING: pipe error: 109: file z:/task_1560988636/build/src/ipc/chromium/src/chrome/common/ipc_channel_win.cc, line 341
[Parent 5072, Gecko_IOThread] WARNING: pipe error: 109: file z:/task_1560988636/build/src/ipc/chromium/src/chrome/common/ipc_channel_win.cc, line 341
[Child 11800, Chrome_ChildThread] WARNING: pipe error: 109: file z:/task_1560988636/build/src/ipc/chromium/src/chrome/common[Parent 1044, Gecko_IOThread] WARNING: pipe error: 109: file z:/task_1560988636/build/src/ipc/chromium/src/chrome/common/ipc_channel_win.cc, line 341
[Parent 1044, Gecko_IOThread] WARNING: pipe error: 109: file z:/task_1560988636/build/src/ipc/chromium/src/chrome/common/ipc_channel_win.cc, line 341
[Child 16636, Chrome_ChildThread] WARNING: pipe error: 109: file z:/task_1560988636/build/src/ipc/chromium/src/chrome/common/ipc_channel_win.cc, line 341
[Child 16636, Chrome_ChildThread] WAR1562572073370	Marionette	INFO	Stopped listening on port 51812
[GPU
###!!! [Child][RunMessage] Error: Channel closing: too late to send/recv, messages will be lost

 16436, Chrome_ChildThread] WARNING: pipe er
###!!! [Child][MessageChannel::SendAndWait] Error: Channel error: cannot send/recv

d] WARNING: pipe error: 109: file z:/task_1560988636/build/src/ipc/chromium/src/chrome/common/ipc_channel_win.cc, line 341
[Child 18800, Chrome_ChildThread] WARNING: pipe error: 109: file z:/task_1560988636/build/src/ipc/chromium/src/chrome/common/ipc_channel_win.cc, line 341
[Child 18800, Chrome_ChildThread] WARNING: pipe error: 109: fi1562571610264	Marionette	INFO	Stopped listening on port 51916

###!!! [Child][RunMessage] Error: Channel closing: too late to send/recv, messages will be lost


###!!! [Child][MessageChannel::SendAndWait] Error: Channel error: cannot send/recv

1562571960069	mozrunner::runner	INFO	Running command: "C:\\Program Files\\Mozilla Firefox\\firefox.exe" "-marionette" "-foreground" "-no-remote" "-profile" "C:\\Users\\Alexey\\AppData\\Local\\Temp\\rust_mozprofile.Zcr7ySHDTvFy"
1562571960676	addons.webextension.screenshots@mozilla.org	WARN	Loading extension 'screenshots@mozilla.org': Reading manifest: Invalid extension permission: mozillaAddons
1562571960677	addons.webextension.screenshots@mozilla.org	WARN	Loading extension 'screenshots@mozilla.org': Reading manifest: Invalid extension permission: resource://pdf.js/
1562571960677	addons.webextension.screenshots@mozilla.org	WARN	Loading extension 'screenshots@mozilla.org': Reading manifest: Invalid extension permission: about:reader*
1562571961825	Marionette	INFO	Listening on port 52054
1562571962182	Marionette	WARN	TLS certificate errors will be ignored for this session
[Parent 19164, Gecko_IOThread] WARNING: pipe error: 109: file z:/task_1560988636/build/src/ipc/chromium/src/chrome/common/ipc_channel_win.cc, line 341
[Child 9928, MediaPlayback #1] WARNING: Decoder=14fa8dd3c00 Decode error: NS_ERROR_DOM_MEDIA_FATAL_ERR (0x806e0005) - RefPtr<MediaSourceTrackDemuxer::SamplesPromise> __cdecl mozilla::MediaSourceTrackDemuxer::DoGetSamples(int32_t): manager is detached.: file z:/task_1560988636/build/src/dom/media/MediaDecoderStateMachine.cpp, line 3296
[Parent 19164, Gecko_IOThread] WARNING: pipe error: 109: file z:/task_1560988636/build/src/ipc/chromium/src/chrome/common/ipc_channel_win.cc, line 341
[Child 9928, Chrome_ChildThread] WARNING: pipe error: 109: file z:/task_1560988636/build/src/ipc/chromium/src/chrome/common/ipc_channel_win.cc, line 341
[Child 9928, Chrome_ChildThread] WARNING: pipe e[Child 3728, Chrome_ChildThread] WARNING: pipe error: 109: file z:/task_1560988636/build/src/ipc/chromium/src/chrome/common/ipc_channel_win.cc, line 341
[Child 13780, Chrome_ChildThread] WARNING: pipe error: 109: file z:/task_1560988636/build/src/ipc/chromium/src/chrome/common/ipc_channel_win.cc, line 341
[Child 13780, Chrome_ChildThread] WARNING: pipe error: 1091562572013617	Marionette	INFO	Stopped listening on port 52054
[GPU 5580, Chrome_Ch
###!!! [Child][MessageChannel::SendAndWait] Error: Channel error: cannot send/recv

